2024-06-06 00:22:26 - Calling search api by language
2024-06-06 00:23:03 - HikariPool-1 - Thread starvation or clock leap detected (housekeeper delta=55s38ms).
2024-06-06 00:27:38 - HikariPool-1 - Thread starvation or clock leap detected (housekeeper delta=4m5s264ms).
2024-06-06 00:43:33 - HikariPool-1 - Thread starvation or clock leap detected (housekeeper delta=15m54s748ms).
2024-06-06 01:00:21 - HikariPool-1 - Thread starvation or clock leap detected (housekeeper delta=13m47s970ms).
2024-06-06 01:17:45 - HikariPool-1 - Thread starvation or clock leap detected (housekeeper delta=16m53s846ms).
2024-06-06 01:37:50 - HikariPool-1 - Thread starvation or clock leap detected (housekeeper delta=16m5s387ms).
2024-06-06 01:55:22 - HikariPool-1 - Thread starvation or clock leap detected (housekeeper delta=15m31s121ms).
2024-06-06 02:12:57 - HikariPool-1 - Thread starvation or clock leap detected (housekeeper delta=16m5s149ms).
2024-06-06 02:18:21 - HikariPool-1 - Thread starvation or clock leap detected (housekeeper delta=3m24s432ms).
2024-06-06 02:37:32 - HikariPool-1 - Thread starvation or clock leap detected (housekeeper delta=17m40s284ms).
2024-06-06 02:55:14 - HikariPool-1 - Thread starvation or clock leap detected (housekeeper delta=15m42s93ms).
2024-06-06 03:14:06 - HikariPool-1 - Thread starvation or clock leap detected (housekeeper delta=16m21s982ms).
2024-06-06 03:19:07 - HikariPool-1 - Thread starvation or clock leap detected (housekeeper delta=3m939ms).
2024-06-06 03:36:57 - HikariPool-1 - Thread starvation or clock leap detected (housekeeper delta=17m19s985ms).
2024-06-06 03:56:19 - HikariPool-1 - Thread starvation or clock leap detected (housekeeper delta=16m52s599ms).
2024-06-06 04:17:11 - HikariPool-1 - Thread starvation or clock leap detected (housekeeper delta=16m51s956ms).
2024-06-06 04:36:22 - HikariPool-1 - Thread starvation or clock leap detected (housekeeper delta=17m10s535ms).
2024-06-06 04:53:52 - HikariPool-1 - Thread starvation or clock leap detected (housekeeper delta=16m210ms).
2024-06-06 05:12:12 - HikariPool-1 - Thread starvation or clock leap detected (housekeeper delta=15m49s345ms).
2024-06-06 05:20:07 - HikariPool-1 - Thread starvation or clock leap detected (housekeeper delta=6m25s174ms).
2024-06-06 05:39:40 - HikariPool-1 - Thread starvation or clock leap detected (housekeeper delta=17m3s191ms).
2024-06-06 05:56:40 - HikariPool-1 - Thread starvation or clock leap detected (housekeeper delta=15m29s686ms).
2024-06-06 06:13:49 - HikariPool-1 - Thread starvation or clock leap detected (housekeeper delta=15m39s106ms).
2024-06-06 06:30:29 - HikariPool-1 - Thread starvation or clock leap detected (housekeeper delta=10m9s493ms).
2024-06-06 06:49:00 - HikariPool-1 - Thread starvation or clock leap detected (housekeeper delta=16m31s791ms).
2024-06-06 07:07:29 - HikariPool-1 - Thread starvation or clock leap detected (housekeeper delta=16m28s335ms).
2024-06-06 07:10:34 - HikariPool-1 - Thread starvation or clock leap detected (housekeeper delta=1m35s219ms).
2024-06-06 07:15:26 - HikariPool-1 - Thread starvation or clock leap detected (housekeeper delta=2m52s311ms).
2024-06-06 07:21:05 - HikariPool-1 - Thread starvation or clock leap detected (housekeeper delta=4m8s282ms).
2024-06-06 07:24:45 - HikariPool-1 - Thread starvation or clock leap detected (housekeeper delta=1m40s208ms).
2024-06-06 07:27:53 - HikariPool-1 - Thread starvation or clock leap detected (housekeeper delta=1m38s309ms).
2024-06-06 07:45:35 - HikariPool-1 - Thread starvation or clock leap detected (housekeeper delta=15m41s134ms).
2024-06-06 07:55:35 - HikariPool-1 - Thread starvation or clock leap detected (housekeeper delta=8m29s919ms).
2024-06-06 08:07:16 - HikariPool-1 - Thread starvation or clock leap detected (housekeeper delta=7m41s78ms).
2024-06-06 08:22:17 - HikariPool-1 - Thread starvation or clock leap detected (housekeeper delta=4m54s355ms).
2024-06-06 08:35:56 - HikariPool-1 - Thread starvation or clock leap detected (housekeeper delta=13m38s710ms).
2024-06-06 08:41:27 - HikariPool-1 - Thread starvation or clock leap detected (housekeeper delta=3m31s380ms).
2024-06-06 09:08:02 - Restarting due to 255 class path changes (0 additions, 44 deletions, 211 modifications)
2024-06-06 09:08:02 - Stopping ProtocolHandler ["http-nio-8080"]
2024-06-06 09:08:02 - Closing JPA EntityManagerFactory for persistence unit 'default'
2024-06-06 09:08:02 - HikariPool-1 - Shutdown initiated...
2024-06-06 09:08:02 - HikariPool-1 - Shutdown completed.
2024-06-06 09:08:03 - Starting EtlApplication using Java 17.0.1 with PID 28969 (/Users/udayabihari/Documents/git/Java/etl/target/classes started by udayabihari in /Users/udayabihari/Documents/git/Java/etl)
2024-06-06 09:08:03 - Running with Spring Boot v3.2.5, Spring v6.1.6
2024-06-06 09:08:03 - No active profile set, falling back to 1 default profile: "default"
2024-06-06 09:08:04 - Bootstrapping Spring Data JPA repositories in DEFAULT mode.
2024-06-06 09:08:04 - Finished Spring Data repository scanning in 9 ms. Found 0 JPA repository interfaces.
2024-06-06 09:08:04 - Tomcat initialized with port 8080 (http)
2024-06-06 09:08:04 - Initializing ProtocolHandler ["http-nio-8080"]
2024-06-06 09:08:04 - Starting service [Tomcat]
2024-06-06 09:08:04 - Starting Servlet engine: [Apache Tomcat/10.1.20]
2024-06-06 09:08:04 - Initializing Spring embedded WebApplicationContext
2024-06-06 09:08:04 - Root WebApplicationContext: initialization completed in 1669 ms
2024-06-06 09:08:05 - HikariPool-2 - Starting...
2024-06-06 09:08:05 - HikariPool-2 - Added connection org.postgresql.jdbc.PgConnection@76439f37
2024-06-06 09:08:05 - HikariPool-2 - Start completed.
2024-06-06 09:08:05 - HHH000204: Processing PersistenceUnitInfo [name: default]
2024-06-06 09:08:05 - HHH000026: Second-level cache disabled
2024-06-06 09:08:05 - No LoadTimeWeaver setup: ignoring JPA class transformer
2024-06-06 09:08:05 - HHH000489: No JTA platform available (set 'hibernate.transaction.jta.platform' to enable JTA platform integration)
2024-06-06 09:08:05 - Initialized JPA EntityManagerFactory for persistence unit 'default'
2024-06-06 09:08:05 - spring.jpa.open-in-view is enabled by default. Therefore, database queries may be performed during view rendering. Explicitly configure spring.jpa.open-in-view to disable this warning
2024-06-06 09:08:06 - 

Using generated security password: dba9a311-3e5e-4883-b889-3bb6cfd23fab

This generated password is for development use only. Your security configuration must be updated before running your application in production.

2024-06-06 09:08:06 - Exposing 1 endpoint(s) beneath base path '/actuator'
2024-06-06 09:08:06 - Will secure any request with [org.springframework.security.web.session.DisableEncodeUrlFilter@7192f308, org.springframework.security.web.context.request.async.WebAsyncManagerIntegrationFilter@dd1474f, org.springframework.security.web.context.SecurityContextHolderFilter@74d73bc3, org.springframework.security.web.header.HeaderWriterFilter@4dffe3a8, org.springframework.web.filter.CorsFilter@75230f2a, org.springframework.security.web.csrf.CsrfFilter@7a24cf2, org.springframework.security.web.authentication.logout.LogoutFilter@2f837658, org.springframework.security.web.authentication.UsernamePasswordAuthenticationFilter@84c27e1, org.springframework.security.web.authentication.ui.DefaultLoginPageGeneratingFilter@36d5ba62, org.springframework.security.web.authentication.ui.DefaultLogoutPageGeneratingFilter@5996310a, org.springframework.security.web.authentication.www.BasicAuthenticationFilter@7c1005f0, org.springframework.security.web.savedrequest.RequestCacheAwareFilter@1cb03e94, org.springframework.security.web.servletapi.SecurityContextHolderAwareRequestFilter@103363da, org.springframework.security.web.authentication.AnonymousAuthenticationFilter@3f7a8383, org.springframework.security.web.access.ExceptionTranslationFilter@629aebdf, org.springframework.security.web.access.intercept.AuthorizationFilter@47283d36]
2024-06-06 09:08:06 - LiveReload server is running on port 35729
2024-06-06 09:08:06 - Starting ProtocolHandler ["http-nio-8080"]
2024-06-06 09:08:06 - Tomcat started on port 8080 (http) with context path ''
2024-06-06 09:08:06 - Started EtlApplication in 3.736 seconds (process running for 9407.906)
2024-06-06 09:08:06 - Condition evaluation delta:


==========================
CONDITION EVALUATION DELTA
==========================


Positive matches:
-----------------

   ManagementWebSecurityAutoConfiguration matched:
      - found 'session' scope (OnWebApplicationCondition)
      - AllNestedConditions 2 matched 0 did not; NestedCondition on DefaultWebSecurityCondition.Beans @ConditionalOnMissingBean (types: org.springframework.security.web.SecurityFilterChain; SearchStrategy: all) did not find any beans; NestedCondition on DefaultWebSecurityCondition.Classes @ConditionalOnClass found required classes 'org.springframework.security.web.SecurityFilterChain', 'org.springframework.security.config.annotation.web.builders.HttpSecurity' (DefaultWebSecurityCondition)

   SpringBootWebSecurityConfiguration.WebSecurityEnablerConfiguration matched:
      - @ConditionalOnClass found required class 'org.springframework.security.config.annotation.web.configuration.EnableWebSecurity' (OnClassCondition)
      - @ConditionalOnMissingBean (names: springSecurityFilterChain; SearchStrategy: all) did not find any beans (OnBeanCondition)

   UserDetailsServiceAutoConfiguration matched:
      - @ConditionalOnClass found required class 'org.springframework.security.authentication.AuthenticationManager' (OnClassCondition)
      - AnyNestedCondition 1 matched 2 did not; NestedCondition on UserDetailsServiceAutoConfiguration.MissingAlternativeOrUserPropertiesConfigured.PasswordConfigured @ConditionalOnProperty (spring.security.user.password) did not find property 'password'; NestedCondition on UserDetailsServiceAutoConfiguration.MissingAlternativeOrUserPropertiesConfigured.NameConfigured @ConditionalOnProperty (spring.security.user.name) did not find property 'name'; NestedCondition on UserDetailsServiceAutoConfiguration.MissingAlternativeOrUserPropertiesConfigured.MissingAlternative @ConditionalOnMissingClass did not find unwanted classes 'org.springframework.security.oauth2.client.registration.ClientRegistrationRepository', 'org.springframework.security.oauth2.server.resource.introspection.OpaqueTokenIntrospector', 'org.springframework.security.saml2.provider.service.registration.RelyingPartyRegistrationRepository' (UserDetailsServiceAutoConfiguration.MissingAlternativeOrUserPropertiesConfigured)
      - @ConditionalOnBean (types: org.springframework.security.config.annotation.ObjectPostProcessor; SearchStrategy: all) found bean 'objectPostProcessor'; @ConditionalOnMissingBean (types: org.springframework.security.authentication.AuthenticationManager,org.springframework.security.authentication.AuthenticationProvider,org.springframework.security.core.userdetails.UserDetailsService,org.springframework.security.authentication.AuthenticationManagerResolver,org.springframework.security.oauth2.jwt.JwtDecoder; SearchStrategy: all) did not find any beans (OnBeanCondition)


Negative matches:
-----------------

    None


Exclusions:
-----------

    None


Unconditional classes:
----------------------

    None



2024-06-06 09:08:09 - Restarting due to 43 class path changes (43 additions, 0 deletions, 0 modifications)
2024-06-06 09:08:09 - Stopping ProtocolHandler ["http-nio-8080"]
2024-06-06 09:08:09 - Closing JPA EntityManagerFactory for persistence unit 'default'
2024-06-06 09:08:09 - HikariPool-2 - Shutdown initiated...
2024-06-06 09:08:09 - HikariPool-2 - Shutdown completed.
2024-06-06 09:08:09 - Starting EtlApplication using Java 17.0.1 with PID 28969 (/Users/udayabihari/Documents/git/Java/etl/target/classes started by udayabihari in /Users/udayabihari/Documents/git/Java/etl)
2024-06-06 09:08:09 - Running with Spring Boot v3.2.5, Spring v6.1.6
2024-06-06 09:08:09 - No active profile set, falling back to 1 default profile: "default"
2024-06-06 09:08:10 - Bootstrapping Spring Data JPA repositories in DEFAULT mode.
2024-06-06 09:08:10 - Finished Spring Data repository scanning in 43 ms. Found 4 JPA repository interfaces.
2024-06-06 09:08:10 - Tomcat initialized with port 8080 (http)
2024-06-06 09:08:10 - Root WebApplicationContext: initialization completed in 1117 ms
2024-06-06 09:08:10 - SimpleCORSFilter init
2024-06-06 09:08:10 - HikariPool-3 - Starting...
2024-06-06 09:08:10 - HikariPool-3 - Added connection org.postgresql.jdbc.PgConnection@11429a91
2024-06-06 09:08:10 - HikariPool-3 - Start completed.
2024-06-06 09:08:10 - HHH000204: Processing PersistenceUnitInfo [name: default]
2024-06-06 09:08:10 - HHH000026: Second-level cache disabled
2024-06-06 09:08:10 - No LoadTimeWeaver setup: ignoring JPA class transformer
2024-06-06 09:08:11 - HHH000489: No JTA platform available (set 'hibernate.transaction.jta.platform' to enable JTA platform integration)
2024-06-06 09:08:11 - Initialized JPA EntityManagerFactory for persistence unit 'default'
2024-06-06 09:08:11 - Filter 'jwtAuthFilter' configured for use
2024-06-06 09:08:11 - spring.jpa.open-in-view is enabled by default. Therefore, database queries may be performed during view rendering. Explicitly configure spring.jpa.open-in-view to disable this warning
2024-06-06 09:08:11 - Exposing 1 endpoint(s) beneath base path '/actuator'
2024-06-06 09:08:12 - Will secure any request with [org.springframework.security.web.session.DisableEncodeUrlFilter@1b3eccd5, org.springframework.security.web.context.request.async.WebAsyncManagerIntegrationFilter@25c84d58, org.springframework.security.web.context.SecurityContextHolderFilter@3128094, org.springframework.security.web.header.HeaderWriterFilter@a433f2, org.springframework.security.web.authentication.logout.LogoutFilter@3c0f1173, com.saras.etl.security.JwtAuthFilter@6e57e7bb, org.springframework.security.web.savedrequest.RequestCacheAwareFilter@3a2dad5f, org.springframework.security.web.servletapi.SecurityContextHolderAwareRequestFilter@b881d80, org.springframework.security.web.authentication.AnonymousAuthenticationFilter@49cb9110, org.springframework.security.web.session.SessionManagementFilter@5fd6f16f, org.springframework.security.web.access.ExceptionTranslationFilter@718b869d, org.springframework.security.web.access.intercept.AuthorizationFilter@7019ca20]
2024-06-06 09:08:12 - LiveReload server is running on port 35729
2024-06-06 09:08:12 - Tomcat started on port 8080 (http) with context path ''
2024-06-06 09:08:12 - Started EtlApplication in 3.555 seconds (process running for 9414.125)
2024-06-06 09:08:12 - Closing JPA EntityManagerFactory for persistence unit 'default'
2024-06-06 09:08:12 - HikariPool-3 - Shutdown initiated...
2024-06-06 09:08:12 - Condition evaluation delta:


==========================
CONDITION EVALUATION DELTA
==========================


Positive matches:
-----------------

    None


Negative matches:
-----------------

   ManagementWebSecurityAutoConfiguration:
      Did not match:
         - AllNestedConditions 1 matched 1 did not; NestedCondition on DefaultWebSecurityCondition.Beans @ConditionalOnMissingBean (types: org.springframework.security.web.SecurityFilterChain; SearchStrategy: all) found beans of type 'org.springframework.security.web.SecurityFilterChain' securityFilterChain; NestedCondition on DefaultWebSecurityCondition.Classes @ConditionalOnClass found required classes 'org.springframework.security.web.SecurityFilterChain', 'org.springframework.security.config.annotation.web.builders.HttpSecurity' (DefaultWebSecurityCondition)
      Matched:
         - found 'session' scope (OnWebApplicationCondition)

   SpringBootWebSecurityConfiguration.WebSecurityEnablerConfiguration:
      Did not match:
         - @ConditionalOnMissingBean (names: springSecurityFilterChain; SearchStrategy: all) found beans named springSecurityFilterChain (OnBeanCondition)
      Matched:
         - @ConditionalOnClass found required class 'org.springframework.security.config.annotation.web.configuration.EnableWebSecurity' (OnClassCondition)

   UserDetailsServiceAutoConfiguration:
      Did not match:
         - @ConditionalOnMissingBean (types: org.springframework.security.authentication.AuthenticationManager,org.springframework.security.authentication.AuthenticationProvider,org.springframework.security.core.userdetails.UserDetailsService,org.springframework.security.authentication.AuthenticationManagerResolver,org.springframework.security.oauth2.jwt.JwtDecoder; SearchStrategy: all) found beans of type 'org.springframework.security.authentication.AuthenticationManager' authenticationManager and found beans of type 'org.springframework.security.core.userdetails.UserDetailsService' userInfoService, userDetailsService and found beans of type 'org.springframework.security.authentication.AuthenticationProvider' authenticationProvider (OnBeanCondition)
      Matched:
         - @ConditionalOnClass found required class 'org.springframework.security.authentication.AuthenticationManager' (OnClassCondition)
         - AnyNestedCondition 1 matched 2 did not; NestedCondition on UserDetailsServiceAutoConfiguration.MissingAlternativeOrUserPropertiesConfigured.PasswordConfigured @ConditionalOnProperty (spring.security.user.password) did not find property 'password'; NestedCondition on UserDetailsServiceAutoConfiguration.MissingAlternativeOrUserPropertiesConfigured.NameConfigured @ConditionalOnProperty (spring.security.user.name) did not find property 'name'; NestedCondition on UserDetailsServiceAutoConfiguration.MissingAlternativeOrUserPropertiesConfigured.MissingAlternative @ConditionalOnMissingClass did not find unwanted classes 'org.springframework.security.oauth2.client.registration.ClientRegistrationRepository', 'org.springframework.security.oauth2.server.resource.introspection.OpaqueTokenIntrospector', 'org.springframework.security.saml2.provider.service.registration.RelyingPartyRegistrationRepository' (UserDetailsServiceAutoConfiguration.MissingAlternativeOrUserPropertiesConfigured)


Exclusions:
-----------

    None


Unconditional classes:
----------------------

    None



2024-06-06 09:08:12 - HikariPool-3 - Shutdown completed.
2024-06-06 09:08:20 - Starting EtlApplication using Java 17.0.1 with PID 32565 (/Users/udayabihari/Documents/git/Java/etl/target/classes started by udayabihari in /Users/udayabihari/Documents/git/Java/etl)
2024-06-06 09:08:20 - Running with Spring Boot v3.2.5, Spring v6.1.6
2024-06-06 09:08:20 - No active profile set, falling back to 1 default profile: "default"
2024-06-06 09:08:20 - Devtools property defaults active! Set 'spring.devtools.add-properties' to 'false' to disable
2024-06-06 09:08:20 - For additional web related logging consider setting the 'logging.level.web' property to 'DEBUG'
2024-06-06 09:08:22 - Bootstrapping Spring Data JPA repositories in DEFAULT mode.
2024-06-06 09:08:22 - Finished Spring Data repository scanning in 170 ms. Found 4 JPA repository interfaces.
2024-06-06 09:08:24 - Tomcat initialized with port 8080 (http)
2024-06-06 09:08:24 - Initializing ProtocolHandler ["http-nio-8080"]
2024-06-06 09:08:24 - Starting service [Tomcat]
2024-06-06 09:08:24 - Starting Servlet engine: [Apache Tomcat/10.1.20]
2024-06-06 09:08:24 - Initializing Spring embedded WebApplicationContext
2024-06-06 09:08:24 - Root WebApplicationContext: initialization completed in 3733 ms
2024-06-06 09:08:24 - SimpleCORSFilter init
2024-06-06 09:08:24 - HikariPool-1 - Starting...
2024-06-06 09:08:25 - HikariPool-1 - Added connection org.postgresql.jdbc.PgConnection@5993856d
2024-06-06 09:08:25 - HikariPool-1 - Start completed.
2024-06-06 09:08:25 - HHH000204: Processing PersistenceUnitInfo [name: default]
2024-06-06 09:08:25 - HHH000412: Hibernate ORM core version 6.4.4.Final
2024-06-06 09:08:25 - HHH000026: Second-level cache disabled
2024-06-06 09:08:25 - No LoadTimeWeaver setup: ignoring JPA class transformer
2024-06-06 09:08:26 - HHH000489: No JTA platform available (set 'hibernate.transaction.jta.platform' to enable JTA platform integration)
2024-06-06 09:08:26 - Initialized JPA EntityManagerFactory for persistence unit 'default'
2024-06-06 09:08:27 - Filter 'jwtAuthFilter' configured for use
2024-06-06 09:08:27 - Hibernate is in classpath; If applicable, HQL parser will be used.
2024-06-06 09:08:27 - spring.jpa.open-in-view is enabled by default. Therefore, database queries may be performed during view rendering. Explicitly configure spring.jpa.open-in-view to disable this warning
2024-06-06 09:08:28 - Exposing 1 endpoint(s) beneath base path '/actuator'
2024-06-06 09:08:28 - Will secure any request with [org.springframework.security.web.session.DisableEncodeUrlFilter@57f99e30, org.springframework.security.web.context.request.async.WebAsyncManagerIntegrationFilter@2b92082a, org.springframework.security.web.context.SecurityContextHolderFilter@3775e74a, org.springframework.security.web.header.HeaderWriterFilter@7577e6de, org.springframework.security.web.authentication.logout.LogoutFilter@3fbc81d5, com.saras.etl.security.JwtAuthFilter@12c5b06d, org.springframework.security.web.savedrequest.RequestCacheAwareFilter@83c0118, org.springframework.security.web.servletapi.SecurityContextHolderAwareRequestFilter@d03d58f, org.springframework.security.web.authentication.AnonymousAuthenticationFilter@5a00a143, org.springframework.security.web.session.SessionManagementFilter@4d3357bf, org.springframework.security.web.access.ExceptionTranslationFilter@126b695a, org.springframework.security.web.access.intercept.AuthorizationFilter@732c9b57]
2024-06-06 09:08:29 - LiveReload server is running on port 35729
2024-06-06 09:08:29 - Starting ProtocolHandler ["http-nio-8080"]
2024-06-06 09:08:29 - Tomcat started on port 8080 (http) with context path ''
2024-06-06 09:08:29 - Started EtlApplication in 10.249 seconds (process running for 11.139)
2024-06-06 09:09:56 - Initializing Spring DispatcherServlet 'dispatcherServlet'
2024-06-06 09:09:56 - Initializing Servlet 'dispatcherServlet'
2024-06-06 09:09:56 - Completed initialization in 7 ms
2024-06-06 09:14:46 - Closing JPA EntityManagerFactory for persistence unit 'default'
2024-06-06 09:14:46 - HikariPool-1 - Shutdown initiated...
2024-06-06 09:14:46 - HikariPool-1 - Shutdown completed.
2024-06-06 09:14:56 - Starting EtlApplication using Java 17.0.1 with PID 32865 (/Users/udayabihari/Documents/git/Java/etl/target/classes started by udayabihari in /Users/udayabihari/Documents/git/Java/etl)
2024-06-06 09:14:56 - Running with Spring Boot v3.2.5, Spring v6.1.6
2024-06-06 09:14:56 - No active profile set, falling back to 1 default profile: "default"
2024-06-06 09:14:56 - Devtools property defaults active! Set 'spring.devtools.add-properties' to 'false' to disable
2024-06-06 09:14:56 - For additional web related logging consider setting the 'logging.level.web' property to 'DEBUG'
2024-06-06 09:14:58 - Bootstrapping Spring Data JPA repositories in DEFAULT mode.
2024-06-06 09:14:58 - Finished Spring Data repository scanning in 172 ms. Found 4 JPA repository interfaces.
2024-06-06 09:14:59 - Tomcat initialized with port 8080 (http)
2024-06-06 09:14:59 - Initializing ProtocolHandler ["http-nio-8080"]
2024-06-06 09:14:59 - Starting service [Tomcat]
2024-06-06 09:14:59 - Starting Servlet engine: [Apache Tomcat/10.1.20]
2024-06-06 09:14:59 - Initializing Spring embedded WebApplicationContext
2024-06-06 09:14:59 - Root WebApplicationContext: initialization completed in 3609 ms
2024-06-06 09:15:00 - SimpleCORSFilter init
2024-06-06 09:15:00 - HikariPool-1 - Starting...
2024-06-06 09:15:00 - HikariPool-1 - Added connection org.postgresql.jdbc.PgConnection@6def1899
2024-06-06 09:15:00 - HikariPool-1 - Start completed.
2024-06-06 09:15:00 - HHH000204: Processing PersistenceUnitInfo [name: default]
2024-06-06 09:15:00 - HHH000412: Hibernate ORM core version 6.4.4.Final
2024-06-06 09:15:00 - HHH000026: Second-level cache disabled
2024-06-06 09:15:01 - No LoadTimeWeaver setup: ignoring JPA class transformer
2024-06-06 09:15:02 - HHH000489: No JTA platform available (set 'hibernate.transaction.jta.platform' to enable JTA platform integration)
2024-06-06 09:15:02 - Initialized JPA EntityManagerFactory for persistence unit 'default'
2024-06-06 09:15:03 - Filter 'jwtAuthFilter' configured for use
2024-06-06 09:15:03 - Hibernate is in classpath; If applicable, HQL parser will be used.
2024-06-06 09:15:03 - spring.jpa.open-in-view is enabled by default. Therefore, database queries may be performed during view rendering. Explicitly configure spring.jpa.open-in-view to disable this warning
2024-06-06 09:15:04 - Exposing 1 endpoint(s) beneath base path '/actuator'
2024-06-06 09:15:04 - Will secure any request with [org.springframework.security.web.session.DisableEncodeUrlFilter@f0d716, org.springframework.security.web.context.request.async.WebAsyncManagerIntegrationFilter@f9f82ea, org.springframework.security.web.context.SecurityContextHolderFilter@348821e8, org.springframework.security.web.header.HeaderWriterFilter@3472419c, org.springframework.security.web.authentication.logout.LogoutFilter@fbdc3a6, com.saras.etl.security.JwtAuthFilter@7e39e0c9, org.springframework.security.web.savedrequest.RequestCacheAwareFilter@3c66650d, org.springframework.security.web.servletapi.SecurityContextHolderAwareRequestFilter@4c2f3872, org.springframework.security.web.authentication.AnonymousAuthenticationFilter@6c3bba74, org.springframework.security.web.session.SessionManagementFilter@5e307ee2, org.springframework.security.web.access.ExceptionTranslationFilter@5d6bae89, org.springframework.security.web.access.intercept.AuthorizationFilter@1f1e8ec7]
2024-06-06 09:15:05 - LiveReload server is running on port 35729
2024-06-06 09:15:05 - Starting ProtocolHandler ["http-nio-8080"]
2024-06-06 09:15:05 - Tomcat started on port 8080 (http) with context path ''
2024-06-06 09:15:05 - Started EtlApplication in 10.665 seconds (process running for 11.628)
2024-06-06 09:15:12 - Initializing Spring DispatcherServlet 'dispatcherServlet'
2024-06-06 09:15:12 - Initializing Servlet 'dispatcherServlet'
2024-06-06 09:15:12 - Completed initialization in 10 ms
2024-06-06 09:24:43 - Closing JPA EntityManagerFactory for persistence unit 'default'
2024-06-06 09:24:43 - HikariPool-1 - Shutdown initiated...
2024-06-06 09:24:43 - HikariPool-1 - Shutdown completed.
2024-06-06 09:24:58 - Starting EtlApplication using Java 17.0.1 with PID 33046 (/Users/udayabihari/Documents/git/Java/etl/target/classes started by udayabihari in /Users/udayabihari/Documents/git/Java/etl)
2024-06-06 09:24:58 - Running with Spring Boot v3.2.5, Spring v6.1.6
2024-06-06 09:24:58 - No active profile set, falling back to 1 default profile: "default"
2024-06-06 09:24:58 - Devtools property defaults active! Set 'spring.devtools.add-properties' to 'false' to disable
2024-06-06 09:24:58 - For additional web related logging consider setting the 'logging.level.web' property to 'DEBUG'
2024-06-06 09:25:00 - Bootstrapping Spring Data JPA repositories in DEFAULT mode.
2024-06-06 09:25:00 - Finished Spring Data repository scanning in 102 ms. Found 4 JPA repository interfaces.
2024-06-06 09:25:01 - Tomcat initialized with port 8080 (http)
2024-06-06 09:25:01 - Initializing ProtocolHandler ["http-nio-8080"]
2024-06-06 09:25:01 - Starting service [Tomcat]
2024-06-06 09:25:01 - Starting Servlet engine: [Apache Tomcat/10.1.20]
2024-06-06 09:25:02 - Initializing Spring embedded WebApplicationContext
2024-06-06 09:25:02 - Root WebApplicationContext: initialization completed in 3775 ms
2024-06-06 09:25:02 - SimpleCORSFilter init
2024-06-06 09:25:02 - HikariPool-1 - Starting...
2024-06-06 09:25:02 - HikariPool-1 - Added connection org.postgresql.jdbc.PgConnection@ff44cf7
2024-06-06 09:25:02 - HikariPool-1 - Start completed.
2024-06-06 09:25:02 - HHH000204: Processing PersistenceUnitInfo [name: default]
2024-06-06 09:25:02 - HHH000412: Hibernate ORM core version 6.4.4.Final
2024-06-06 09:25:02 - HHH000026: Second-level cache disabled
2024-06-06 09:25:03 - No LoadTimeWeaver setup: ignoring JPA class transformer
2024-06-06 09:25:04 - HHH000489: No JTA platform available (set 'hibernate.transaction.jta.platform' to enable JTA platform integration)
2024-06-06 09:25:04 - Initialized JPA EntityManagerFactory for persistence unit 'default'
2024-06-06 09:25:05 - Filter 'jwtAuthFilter' configured for use
2024-06-06 09:25:05 - Hibernate is in classpath; If applicable, HQL parser will be used.
2024-06-06 09:25:05 - spring.jpa.open-in-view is enabled by default. Therefore, database queries may be performed during view rendering. Explicitly configure spring.jpa.open-in-view to disable this warning
2024-06-06 09:25:08 - Exposing 1 endpoint(s) beneath base path '/actuator'
2024-06-06 09:25:08 - Will secure any request with [org.springframework.security.web.session.DisableEncodeUrlFilter@1a70a79a, org.springframework.security.web.context.request.async.WebAsyncManagerIntegrationFilter@7d1b03f2, org.springframework.security.web.context.SecurityContextHolderFilter@23ad4b09, org.springframework.security.web.header.HeaderWriterFilter@7fd266aa, org.springframework.security.web.authentication.logout.LogoutFilter@7f2d32c5, com.saras.etl.security.JwtAuthFilter@46fa5162, org.springframework.security.web.savedrequest.RequestCacheAwareFilter@1dc6ceb, org.springframework.security.web.servletapi.SecurityContextHolderAwareRequestFilter@6bb37420, org.springframework.security.web.authentication.AnonymousAuthenticationFilter@4575459f, org.springframework.security.web.session.SessionManagementFilter@765061ce, org.springframework.security.web.access.ExceptionTranslationFilter@3a93625b, org.springframework.security.web.access.intercept.AuthorizationFilter@3c1580e6]
2024-06-06 09:25:09 - LiveReload server is running on port 35729
2024-06-06 09:25:09 - Starting ProtocolHandler ["http-nio-8080"]
2024-06-06 09:25:09 - Tomcat started on port 8080 (http) with context path ''
2024-06-06 09:25:10 - Started EtlApplication in 12.683 seconds (process running for 13.495)
2024-06-06 09:28:58 - Initializing Spring DispatcherServlet 'dispatcherServlet'
2024-06-06 09:28:58 - Initializing Servlet 'dispatcherServlet'
2024-06-06 09:28:58 - Completed initialization in 9 ms
2024-06-06 09:28:59 - Init duration for springdoc-openapi is: 872 ms
2024-06-06 09:29:47 - Closing JPA EntityManagerFactory for persistence unit 'default'
2024-06-06 09:29:47 - HikariPool-1 - Shutdown initiated...
2024-06-06 09:29:47 - HikariPool-1 - Shutdown completed.
2024-06-06 09:30:07 - Starting EtlApplication using Java 17.0.1 with PID 33143 (/Users/udayabihari/Documents/git/Java/etl/target/classes started by udayabihari in /Users/udayabihari/Documents/git/Java/etl)
2024-06-06 09:30:07 - Running with Spring Boot v3.2.5, Spring v6.1.6
2024-06-06 09:30:07 - No active profile set, falling back to 1 default profile: "default"
2024-06-06 09:30:07 - Devtools property defaults active! Set 'spring.devtools.add-properties' to 'false' to disable
2024-06-06 09:30:07 - For additional web related logging consider setting the 'logging.level.web' property to 'DEBUG'
2024-06-06 09:30:09 - Bootstrapping Spring Data JPA repositories in DEFAULT mode.
2024-06-06 09:30:10 - Finished Spring Data repository scanning in 174 ms. Found 4 JPA repository interfaces.
2024-06-06 09:30:11 - Tomcat initialized with port 8080 (http)
2024-06-06 09:30:11 - Initializing ProtocolHandler ["http-nio-8080"]
2024-06-06 09:30:11 - Starting service [Tomcat]
2024-06-06 09:30:11 - Starting Servlet engine: [Apache Tomcat/10.1.20]
2024-06-06 09:30:11 - Initializing Spring embedded WebApplicationContext
2024-06-06 09:30:11 - Root WebApplicationContext: initialization completed in 4220 ms
2024-06-06 09:30:12 - SimpleCORSFilter init
2024-06-06 09:30:12 - HikariPool-1 - Starting...
2024-06-06 09:30:12 - HikariPool-1 - Added connection org.postgresql.jdbc.PgConnection@fb12c1a
2024-06-06 09:30:12 - HikariPool-1 - Start completed.
2024-06-06 09:30:12 - HHH000204: Processing PersistenceUnitInfo [name: default]
2024-06-06 09:30:12 - HHH000412: Hibernate ORM core version 6.4.4.Final
2024-06-06 09:30:12 - HHH000026: Second-level cache disabled
2024-06-06 09:30:13 - No LoadTimeWeaver setup: ignoring JPA class transformer
2024-06-06 09:30:14 - HHH000489: No JTA platform available (set 'hibernate.transaction.jta.platform' to enable JTA platform integration)
2024-06-06 09:30:14 - Initialized JPA EntityManagerFactory for persistence unit 'default'
2024-06-06 09:30:15 - Filter 'jwtAuthFilter' configured for use
2024-06-06 09:30:15 - Hibernate is in classpath; If applicable, HQL parser will be used.
2024-06-06 09:30:16 - spring.jpa.open-in-view is enabled by default. Therefore, database queries may be performed during view rendering. Explicitly configure spring.jpa.open-in-view to disable this warning
2024-06-06 09:30:18 - Exposing 1 endpoint(s) beneath base path '/actuator'
2024-06-06 09:30:19 - Will secure any request with [org.springframework.security.web.session.DisableEncodeUrlFilter@2fd836fc, org.springframework.security.web.context.request.async.WebAsyncManagerIntegrationFilter@1163279a, org.springframework.security.web.context.SecurityContextHolderFilter@4c40665b, org.springframework.security.web.header.HeaderWriterFilter@38bf8191, org.springframework.security.web.authentication.logout.LogoutFilter@12e8148a, com.saras.etl.security.JwtAuthFilter@6c035175, org.springframework.security.web.savedrequest.RequestCacheAwareFilter@6b261497, org.springframework.security.web.servletapi.SecurityContextHolderAwareRequestFilter@8ebf132, org.springframework.security.web.authentication.AnonymousAuthenticationFilter@a25a084, org.springframework.security.web.session.SessionManagementFilter@54247464, org.springframework.security.web.access.ExceptionTranslationFilter@2fbb6aca, org.springframework.security.web.access.intercept.AuthorizationFilter@6ef131b4]
2024-06-06 09:30:19 - LiveReload server is running on port 35729
2024-06-06 09:30:19 - Starting ProtocolHandler ["http-nio-8080"]
2024-06-06 09:30:20 - Tomcat started on port 8080 (http) with context path ''
2024-06-06 09:30:20 - Started EtlApplication in 13.347 seconds (process running for 14.204)
2024-06-06 09:30:36 - Initializing Spring DispatcherServlet 'dispatcherServlet'
2024-06-06 09:30:36 - Initializing Servlet 'dispatcherServlet'
2024-06-06 09:30:36 - Completed initialization in 11 ms
2024-06-06 09:30:37 - Init duration for springdoc-openapi is: 909 ms
2024-06-06 09:33:44 - Resolved [org.springframework.http.converter.HttpMessageNotReadableException: JSON parse error: Unexpected character ('}' (code 125)): was expecting double-quote to start field name]
2024-06-06 09:34:00 - SQL Error: 0, SQLState: 23502
2024-06-06 09:34:00 - ERROR: null value in column "roles" of relation "userinfo" violates not-null constraint
  Detail: Failing row contains (11, udayprakash80@yahoo.com, udaya, $2a$10$FVrNUhi9FF6/oxU79v/IrOTC/CL7JVSB1EncAkyEzVraI27VpYlrS, null).
2024-06-06 09:34:00 - Error while creating usercould not execute statement [ERROR: null value in column "roles" of relation "userinfo" violates not-null constraint
  Detail: Failing row contains (11, udayprakash80@yahoo.com, udaya, $2a$10$FVrNUhi9FF6/oxU79v/IrOTC/CL7JVSB1EncAkyEzVraI27VpYlrS, null).] [insert into userinfo (email,name,password,roles) values (?,?,?,?)]; SQL [insert into userinfo (email,name,password,roles) values (?,?,?,?)]; constraint [roles" of relation "userinfo]
2024-06-06 09:34:28 - Resolved [org.springframework.http.converter.HttpMessageNotReadableException: JSON parse error: Unexpected character ('"' (code 34)): was expecting comma to separate Object entries]
